<?xml version="1.0" encoding="UTF-8"?>
<!-- Generated by org.testng.reporters.JUnitReportReporter -->
<testsuite skipped="0" hostname="DESKTOP-L4KNFIM" name="login.com.facebk.signon" tests="1" failures="0" timestamp="2019-10-14T02:53:35 EDT" time="1.154" errors="0">
  <testcase name="signOn" time="1.154" classname="login.com.facebk.signon"/>
</testsuite> <!-- login.com.facebk.signon -->
